# JRE version: Java(TM) SE Runtime Environment (7.0_72-b14) (build 1.7.0_72-b14)
# Java VM: Java HotSpot(TM) 64-Bit Server VM (24.72-b04 mixed mode linux-amd64 compressed oops)
Heap
 PSYoungGen      total 527360K, used 405524K [0x00000007d6e80000, 0x0000000800000000, 0x0000000800000000)
  eden space 509952K, 76% used [0x00000007d6e80000,0x00000007ee98a058,0x00000007f6080000)
  from space 17408K, 99% used [0x00000007f6080000,0x00000007f717afd0,0x00000007f7180000)
  to   space 24064K, 0% used [0x00000007fe880000,0x00000007fe880000,0x0000000800000000)
 ParOldGen       total 83968K, used 25829K [0x0000000784c00000, 0x0000000789e00000, 0x00000007d6e80000)
  object space 83968K, 30% used [0x0000000784c00000,0x00000007865394d0,0x0000000789e00000)
 PSPermGen       total 51712K, used 51677K [0x000000077fa00000, 0x0000000782c80000, 0x0000000784c00000)
  object space 51712K, 99% used [0x000000077fa00000,0x0000000782c776c8,0x0000000782c80000)
GC Heap History (10 events):
Event: 4,257 GC heap before
{Heap before GC invocations=5 (full 0):
 PSYoungGen      total 134144K, used 134131K [0x00000007d6e80000, 0x00000007df680000, 0x0000000800000000)
  eden space 129024K, 100% used [0x00000007d6e80000,0x00000007dec80000,0x00000007dec80000)
  from space 5120K, 99% used [0x00000007df180000,0x00000007df67cc60,0x00000007df680000)
  to   space 5120K, 0% used [0x00000007dec80000,0x00000007dec80000,0x00000007df180000)
 ParOldGen       total 83968K, used 3871K [0x0000000784c00000, 0x0000000789e00000, 0x00000007d6e80000)
  object space 83968K, 4% used [0x0000000784c00000,0x0000000784fc7da8,0x0000000789e00000)
 PSPermGen       total 21504K, used 16721K [0x000000077fa00000, 0x0000000780f00000, 0x0000000784c00000)
  object space 21504K, 77% used [0x000000077fa00000,0x0000000780a54628,0x0000000780f00000)
Event: 4,273 GC heap after
Heap after GC invocations=5 (full 0):
 PSYoungGen      total 134144K, used 5107K [0x00000007d6e80000, 0x00000007e7b80000, 0x0000000800000000)
  eden space 129024K, 0% used [0x00000007d6e80000,0x00000007d6e80000,0x00000007dec80000)
  from space 5120K, 99% used [0x00000007dec80000,0x00000007df17cc60,0x00000007df180000)
  to   space 8704K, 0% used [0x00000007e7300000,0x00000007e7300000,0x00000007e7b80000)
 ParOldGen       total 83968K, used 5960K [0x0000000784c00000, 0x0000000789e00000, 0x00000007d6e80000)
  object space 83968K, 7% used [0x0000000784c00000,0x00000007851d2310,0x0000000789e00000)
 PSPermGen       total 21504K, used 16721K [0x000000077fa00000, 0x0000000780f00000, 0x0000000784c00000)
  object space 21504K, 77% used [0x000000077fa00000,0x0000000780a54628,0x0000000780f00000)
}
Event: 5,142 GC heap before
{Heap before GC invocations=6 (full 0):
 PSYoungGen      total 134144K, used 134131K [0x00000007d6e80000, 0x00000007e7b80000, 0x0000000800000000)
  eden space 129024K, 100% used [0x00000007d6e80000,0x00000007dec80000,0x00000007dec80000)
  from space 5120K, 99% used [0x00000007dec80000,0x00000007df17cc60,0x00000007df180000)
  to   space 8704K, 0% used [0x00000007e7300000,0x00000007e7300000,0x00000007e7b80000)
 ParOldGen       total 83968K, used 5960K [0x0000000784c00000, 0x0000000789e00000, 0x00000007d6e80000)
  object space 83968K, 7% used [0x0000000784c00000,0x00000007851d2310,0x0000000789e00000)
 PSPermGen       total 21504K, used 19767K [0x000000077fa00000, 0x0000000780f00000, 0x0000000784c00000)
  object space 21504K, 91% used [0x000000077fa00000,0x0000000780d4dc80,0x0000000780f00000)
Event: 5,161 GC heap after
Heap after GC invocations=6 (full 0):
 PSYoungGen      total 265728K, used 7818K [0x00000007d6e80000, 0x00000007e7d80000, 0x0000000800000000)
  eden space 257024K, 0% used [0x00000007d6e80000,0x00000007d6e80000,0x00000007e6980000)
  from space 8704K, 89% used [0x00000007e7300000,0x00000007e7aa2b60,0x00000007e7b80000)
  to   space 9728K, 0% used [0x00000007e6980000,0x00000007e6980000,0x00000007e7300000)
 ParOldGen       total 83968K, used 5968K [0x0000000784c00000, 0x0000000789e00000, 0x00000007d6e80000)
  object space 83968K, 7% used [0x0000000784c00000,0x00000007851d4310,0x0000000789e00000)
 PSPermGen       total 21504K, used 19767K [0x000000077fa00000, 0x0000000780f00000, 0x0000000784c00000)
  object space 21504K, 91% used [0x000000077fa00000,0x0000000780d4dc80,0x0000000780f00000)
}
Event: 7,099 GC heap before
{Heap before GC invocations=7 (full 0):
 PSYoungGen      total 265728K, used 264842K [0x00000007d6e80000, 0x00000007e7d80000, 0x0000000800000000)
  eden space 257024K, 100% used [0x00000007d6e80000,0x00000007e6980000,0x00000007e6980000)
  from space 8704K, 89% used [0x00000007e7300000,0x00000007e7aa2b60,0x00000007e7b80000)
  to   space 9728K, 0% used [0x00000007e6980000,0x00000007e6980000,0x00000007e7300000)
 ParOldGen       total 83968K, used 5968K [0x0000000784c00000, 0x0000000789e00000, 0x00000007d6e80000)
  object space 83968K, 7% used [0x0000000784c00000,0x00000007851d4310,0x0000000789e00000)
 PSPermGen       total 26112K, used 25997K [0x000000077fa00000, 0x0000000781380000, 0x0000000784c00000)
  object space 26112K, 99% used [0x000000077fa00000,0x00000007813637e8,0x0000000781380000)
Event: 7,121 GC heap after
Heap after GC invocations=7 (full 0):
 PSYoungGen      total 266752K, used 9703K [0x00000007d6e80000, 0x00000007f7e80000, 0x0000000800000000)
  eden space 257024K, 0% used [0x00000007d6e80000,0x00000007d6e80000,0x00000007e6980000)
  from space 9728K, 99% used [0x00000007e6980000,0x00000007e72f9d90,0x00000007e7300000)
  to   space 13312K, 0% used [0x00000007f7180000,0x00000007f7180000,0x00000007f7e80000)
 ParOldGen       total 83968K, used 10551K [0x0000000784c00000, 0x0000000789e00000, 0x00000007d6e80000)
  object space 83968K, 12% used [0x0000000784c00000,0x000000078564dfb8,0x0000000789e00000)
 PSPermGen       total 26112K, used 25997K [0x000000077fa00000, 0x0000000781380000, 0x0000000784c00000)
  object space 26112K, 99% used [0x000000077fa00000,0x00000007813637e8,0x0000000781380000)
}
Event: 8,865 GC heap before
{Heap before GC invocations=8 (full 0):
 PSYoungGen      total 266752K, used 266727K [0x00000007d6e80000, 0x00000007f7e80000, 0x0000000800000000)
  eden space 257024K, 100% used [0x00000007d6e80000,0x00000007e6980000,0x00000007e6980000)
  from space 9728K, 99% used [0x00000007e6980000,0x00000007e72f9d90,0x00000007e7300000)
  to   space 13312K, 0% used [0x00000007f7180000,0x00000007f7180000,0x00000007f7e80000)
 ParOldGen       total 83968K, used 10551K [0x0000000784c00000, 0x0000000789e00000, 0x00000007d6e80000)
  object space 83968K, 12% used [0x0000000784c00000,0x000000078564dfb8,0x0000000789e00000)
 PSPermGen       total 32768K, used 32705K [0x000000077fa00000, 0x0000000781a00000, 0x0000000784c00000)
  object space 32768K, 99% used [0x000000077fa00000,0x00000007819f04a8,0x0000000781a00000)
Event: 8,890 GC heap after
Heap after GC invocations=8 (full 0):
 PSYoungGen      total 523264K, used 13285K [0x00000007d6e80000, 0x00000007f8680000, 0x0000000800000000)
  eden space 509952K, 0% used [0x00000007d6e80000,0x00000007d6e80000,0x00000007f6080000)
  from space 13312K, 99% used [0x00000007f7180000,0x00000007f7e794f0,0x00000007f7e80000)
  to   space 17408K, 0% used [0x00000007f6080000,0x00000007f6080000,0x00000007f7180000)
 ParOldGen       total 83968K, used 15871K [0x0000000784c00000, 0x0000000789e00000, 0x00000007d6e80000)
  object space 83968K, 18% used [0x0000000784c00000,0x0000000785b7fc08,0x0000000789e00000)
 PSPermGen       total 32768K, used 32705K [0x000000077fa00000, 0x0000000781a00000, 0x0000000784c00000)
  object space 32768K, 99% used [0x000000077fa00000,0x00000007819f04a8,0x0000000781a00000)
}
Event: 12,523 GC heap before
{Heap before GC invocations=9 (full 0):
 PSYoungGen      total 523264K, used 523237K [0x00000007d6e80000, 0x00000007f8680000, 0x0000000800000000)
  eden space 509952K, 100% used [0x00000007d6e80000,0x00000007f6080000,0x00000007f6080000)
  from space 13312K, 99% used [0x00000007f7180000,0x00000007f7e794f0,0x00000007f7e80000)
  to   space 17408K, 0% used [0x00000007f6080000,0x00000007f6080000,0x00000007f7180000)
 ParOldGen       total 83968K, used 15871K [0x0000000784c00000, 0x0000000789e00000, 0x00000007d6e80000)
  object space 83968K, 18% used [0x0000000784c00000,0x0000000785b7fc08,0x0000000789e00000)
 PSPermGen       total 43008K, used 42656K [0x000000077fa00000, 0x0000000782400000, 0x0000000784c00000)
  object space 43008K, 99% used [0x000000077fa00000,0x00000007823a8158,0x0000000782400000)
Event: 12,558 GC heap after
Heap after GC invocations=9 (full 0):
 PSYoungGen      total 527360K, used 17387K [0x00000007d6e80000, 0x0000000800000000, 0x0000000800000000)
  eden space 509952K, 0% used [0x00000007d6e80000,0x00000007d6e80000,0x00000007f6080000)
  from space 17408K, 99% used [0x00000007f6080000,0x00000007f717afd0,0x00000007f7180000)
  to   space 24064K, 0% used [0x00000007fe880000,0x00000007fe880000,0x0000000800000000)
 ParOldGen       total 83968K, used 25829K [0x0000000784c00000, 0x0000000789e00000, 0x00000007d6e80000)
  object space 83968K, 30% used [0x0000000784c00000,0x00000007865394d0,0x0000000789e00000)
 PSPermGen       total 43008K, used 42656K [0x000000077fa00000, 0x0000000782400000, 0x0000000784c00000)
  object space 43008K, 99% used [0x000000077fa00000,0x00000007823a8158,0x0000000782400000)
}

